# Logfile created on 2025-09-02 18:09:28 +0200 by logger.rb/v1.6.0
I, [2025-09-02T18:20:35.752117 #31667]  INFO -- : Running example 'Verifying a pact between WebConsumer and MoviesAPI An avro message has matching content'
I, [2025-09-02T18:20:35.752535 #31667]  INFO -- : Sending POST request to path: "/" with headers: {"CONTENT_TYPE"=>"application/json", "HTTP_X_PACT_ORIGINAL_HEADER_NAMES"=>"Content-Type"}, see debug logs for body
D, [2025-09-02T18:20:35.752582 #31667] DEBUG -- : body :{"description":"an Avro message","providerStates":[{"name":null,"params":{}}],"metadata":null}
I, [2025-09-02T18:20:36.588986 #31667]  INFO -- : Received response with status: 401, headers: {"content-type"=>"text/plain", "content-length"=>"88", "connection"=>"keep-alive", "date"=>"Tue, 02 Sep 2025 16:20:36 GMT", "x-request-id"=>"672699024b8934ceaa4ae9e989330243", "vary"=>"Accept,Origin,Accept-Encoding", "x-content-type-options"=>"nosniff", "strict-transport-security"=>"max-age=63072000; includeSubDomains; preload", "x-pact-broker-git-sha"=>"ce3577559fde1f8031d1ff506f92af8b600455db", "x-pactflow-git-sha"=>"3e5bacd", "x-pact-broker-version"=>"2.116.0", "x-cache"=>"Error from cloudfront", "via"=>"1.1 c855d201fddbb6ef22989607fe8f5d1e.cloudfront.net (CloudFront)", "x-amz-cf-pop"=>"VIE50-C2", "alt-svc"=>"h3=\":443\"; ma=86400", "x-amz-cf-id"=>"iDwhhOmEBYkUCO4d_oKDrBiW_55oggiCIAP0hfO2eN-yhrivEt0hbQ=="}, see debug logs for body
D, [2025-09-02T18:20:36.589107 #31667] DEBUG -- : body: Unauthorized. Please see https://docs.pactflow.io/docs/login-help for more information.

I, [2025-09-02T18:25:11.918912 #31878]  INFO -- : Running example 'Verifying a pact between WebConsumer and MoviesAPI An avro message has matching content'
I, [2025-09-02T18:25:11.919510 #31878]  INFO -- : Sending POST request to path: "/" with headers: {"CONTENT_TYPE"=>"application/json", "HTTP_X_PACT_ORIGINAL_HEADER_NAMES"=>"Content-Type"}, see debug logs for body
D, [2025-09-02T18:25:11.919573 #31878] DEBUG -- : body :{"description":"an Avro message","providerStates":[{"name":null,"params":{}}],"metadata":null}
I, [2025-09-02T18:25:12.940289 #31878]  INFO -- : Received response with status: 401, headers: {"content-type"=>"text/plain", "content-length"=>"88", "connection"=>"keep-alive", "date"=>"Tue, 02 Sep 2025 16:25:12 GMT", "x-request-id"=>"2f2253b27b93a974b08a28d953e6dfbf", "vary"=>"Accept,Origin,Accept-Encoding", "x-content-type-options"=>"nosniff", "strict-transport-security"=>"max-age=63072000; includeSubDomains; preload", "x-pact-broker-git-sha"=>"ce3577559fde1f8031d1ff506f92af8b600455db", "x-pactflow-git-sha"=>"3e5bacd", "x-pact-broker-version"=>"2.116.0", "x-cache"=>"Error from cloudfront", "via"=>"1.1 614c7e2196cc5b32f71450d1d8261094.cloudfront.net (CloudFront)", "x-amz-cf-pop"=>"VIE50-C2", "alt-svc"=>"h3=\":443\"; ma=86400", "x-amz-cf-id"=>"FFmGgnasfeSMJBrfzex8GVrQBH7Ms862xCAHraIAeiQZTBZ2zYTG8Q=="}, see debug logs for body
D, [2025-09-02T18:25:12.940413 #31878] DEBUG -- : body: Unauthorized. Please see https://docs.pactflow.io/docs/login-help for more information.

I, [2025-09-02T18:26:38.716049 #32014]  INFO -- : Running example 'Verifying a pact between WebConsumer and MoviesAPI An avro message has matching content'
I, [2025-09-02T18:26:38.716381 #32014]  INFO -- : Sending POST request to path: "/" with headers: {"CONTENT_TYPE"=>"application/json", "HTTP_X_PACT_ORIGINAL_HEADER_NAMES"=>"Content-Type"}, see debug logs for body
D, [2025-09-02T18:26:38.716419 #32014] DEBUG -- : body :{"description":"an Avro message","providerStates":[{"name":null,"params":{}}],"metadata":null}
I, [2025-09-02T18:26:39.571873 #32014]  INFO -- : Received response with status: 401, headers: {"content-type"=>"text/plain", "content-length"=>"88", "connection"=>"keep-alive", "date"=>"Tue, 02 Sep 2025 16:26:39 GMT", "x-request-id"=>"8e3ef6e9c6d2c65d2596e86567e73d2c", "vary"=>"Accept,Origin,Accept-Encoding", "x-content-type-options"=>"nosniff", "strict-transport-security"=>"max-age=63072000; includeSubDomains; preload", "x-pact-broker-git-sha"=>"ce3577559fde1f8031d1ff506f92af8b600455db", "x-pactflow-git-sha"=>"3e5bacd", "x-pact-broker-version"=>"2.116.0", "x-cache"=>"Error from cloudfront", "via"=>"1.1 4de71b0a42267b098ed30fff0d8a660a.cloudfront.net (CloudFront)", "x-amz-cf-pop"=>"VIE50-C2", "alt-svc"=>"h3=\":443\"; ma=86400", "x-amz-cf-id"=>"dBf8MD-lrD7qqP-JBl2sdsgNNKdZjIQhawwDATLzI46W644ocZKXNw=="}, see debug logs for body
D, [2025-09-02T18:26:39.572032 #32014] DEBUG -- : body: Unauthorized. Please see https://docs.pactflow.io/docs/login-help for more information.

I, [2025-09-02T18:27:05.815132 #32137]  INFO -- : Running example 'Verifying a pact between WebConsumer and MoviesAPI An avro message has matching content'
I, [2025-09-02T18:27:05.815500 #32137]  INFO -- : Sending POST request to path: "/" with headers: {"CONTENT_TYPE"=>"application/json", "HTTP_X_PACT_ORIGINAL_HEADER_NAMES"=>"Content-Type"}, see debug logs for body
D, [2025-09-02T18:27:05.815545 #32137] DEBUG -- : body :{"description":"an Avro message","providerStates":[{"name":null,"params":{}}],"metadata":null}
I, [2025-09-02T18:27:06.401892 #32137]  INFO -- : Received response with status: 401, headers: {"content-type"=>"text/plain", "content-length"=>"88", "connection"=>"keep-alive", "date"=>"Tue, 02 Sep 2025 16:27:06 GMT", "x-request-id"=>"456302fadb7a7ad82b266d305e9e8d3f", "vary"=>"Accept,Origin,Accept-Encoding", "x-content-type-options"=>"nosniff", "strict-transport-security"=>"max-age=63072000; includeSubDomains; preload", "x-pact-broker-git-sha"=>"ce3577559fde1f8031d1ff506f92af8b600455db", "x-pactflow-git-sha"=>"3e5bacd", "x-pact-broker-version"=>"2.116.0", "x-cache"=>"Error from cloudfront", "via"=>"1.1 de9b04903710e9099bfc75aaf59c8eda.cloudfront.net (CloudFront)", "x-amz-cf-pop"=>"VIE50-C2", "alt-svc"=>"h3=\":443\"; ma=86400", "x-amz-cf-id"=>"o6yfFlBxAQpf5IabgUNwZNX-FJJGSJXbkgTdsCwWK8hz3ibLZRkgpQ=="}, see debug logs for body
D, [2025-09-02T18:27:06.402039 #32137] DEBUG -- : body: Unauthorized. Please see https://docs.pactflow.io/docs/login-help for more information.

I, [2025-09-02T18:29:42.743027 #32286]  INFO -- : Running example 'Verifying a pact between WebConsumer and MoviesAPI An avro message has matching content'
I, [2025-09-02T18:29:42.743390 #32286]  INFO -- : Sending POST request to path: "/" with headers: {"CONTENT_TYPE"=>"application/json", "HTTP_X_PACT_ORIGINAL_HEADER_NAMES"=>"Content-Type"}, see debug logs for body
D, [2025-09-02T18:29:42.743431 #32286] DEBUG -- : body :{"description":"an Avro message","providerStates":[{"name":null,"params":{}}],"metadata":null}
I, [2025-09-02T18:29:43.689117 #32286]  INFO -- : Received response with status: 401, headers: {"content-type"=>"text/plain", "content-length"=>"88", "connection"=>"keep-alive", "date"=>"Tue, 02 Sep 2025 16:29:43 GMT", "x-request-id"=>"6d806dbd98c23072a50b963fc59df26b", "vary"=>"Accept,Origin,Accept-Encoding", "x-content-type-options"=>"nosniff", "strict-transport-security"=>"max-age=63072000; includeSubDomains; preload", "x-pact-broker-git-sha"=>"ce3577559fde1f8031d1ff506f92af8b600455db", "x-pactflow-git-sha"=>"3e5bacd", "x-pact-broker-version"=>"2.116.0", "x-cache"=>"Error from cloudfront", "via"=>"1.1 3d4555926457517be3e728d2175d92a2.cloudfront.net (CloudFront)", "x-amz-cf-pop"=>"VIE50-C2", "alt-svc"=>"h3=\":443\"; ma=86400", "x-amz-cf-id"=>"7dgWpuhfT0iKY-4Ot32tzAwFGhhNBxKQSgwX73v4hjl7Vvbb8kIH_w=="}, see debug logs for body
D, [2025-09-02T18:29:43.689236 #32286] DEBUG -- : body: Unauthorized. Please see https://docs.pactflow.io/docs/login-help for more information.

I, [2025-09-02T18:30:56.986910 #32466]  INFO -- : Running example 'Verifying a pact between WebConsumer and MoviesAPI An avro message has matching content'
I, [2025-09-02T18:30:56.987301 #32466]  INFO -- : Sending POST request to path: "/" with headers: {"CONTENT_TYPE"=>"application/json", "HTTP_X_PACT_ORIGINAL_HEADER_NAMES"=>"Content-Type"}, see debug logs for body
D, [2025-09-02T18:30:56.987904 #32466] DEBUG -- : body :{"description":"an Avro message","providerStates":[{"name":null,"params":{}}],"metadata":null}
I, [2025-09-02T18:30:57.534695 #32466]  INFO -- : Received response with status: 401, headers: {"content-type"=>"text/plain", "content-length"=>"88", "connection"=>"keep-alive", "date"=>"Tue, 02 Sep 2025 16:30:57 GMT", "x-request-id"=>"83271aafcb5bf749dfcfe18f0a77fc7d", "vary"=>"Accept,Origin,Accept-Encoding", "x-content-type-options"=>"nosniff", "strict-transport-security"=>"max-age=63072000; includeSubDomains; preload", "x-pact-broker-git-sha"=>"ce3577559fde1f8031d1ff506f92af8b600455db", "x-pactflow-git-sha"=>"3e5bacd", "x-pact-broker-version"=>"2.116.0", "x-cache"=>"Error from cloudfront", "via"=>"1.1 3cf68d8be617999c7beade955cf69ddc.cloudfront.net (CloudFront)", "x-amz-cf-pop"=>"VIE50-C2", "alt-svc"=>"h3=\":443\"; ma=86400", "x-amz-cf-id"=>"4hSHpkL_JofWiuwxgCyE8DE7SvV_MFmG5RDPUpXPytVfCReaM25fTQ=="}, see debug logs for body
D, [2025-09-02T18:30:57.534886 #32466] DEBUG -- : body: Unauthorized. Please see https://docs.pactflow.io/docs/login-help for more information.

I, [2025-09-02T18:39:01.118990 #32732]  INFO -- : Running example 'Verifying a pact between WebConsumer and MoviesAPI An avro message has matching content'
I, [2025-09-02T18:39:01.119332 #32732]  INFO -- : Sending POST request to path: "/" with headers: {"CONTENT_TYPE"=>"application/json", "HTTP_X_PACT_ORIGINAL_HEADER_NAMES"=>"Content-Type"}, see debug logs for body
D, [2025-09-02T18:39:01.119373 #32732] DEBUG -- : body :{"description":"an Avro message","providerStates":[{"name":null,"params":{}}],"metadata":null}
I, [2025-09-02T18:39:02.199083 #32732]  INFO -- : Received response with status: 401, headers: {"content-type"=>"text/plain", "content-length"=>"88", "connection"=>"keep-alive", "date"=>"Tue, 02 Sep 2025 16:39:01 GMT", "x-request-id"=>"3569bdb8d5e05ac4e55c6c08ffae66ec", "vary"=>"Accept,Origin,Accept-Encoding", "x-content-type-options"=>"nosniff", "strict-transport-security"=>"max-age=63072000; includeSubDomains; preload", "x-pact-broker-git-sha"=>"ce3577559fde1f8031d1ff506f92af8b600455db", "x-pactflow-git-sha"=>"3e5bacd", "x-pact-broker-version"=>"2.116.0", "x-cache"=>"Error from cloudfront", "via"=>"1.1 485f9ba84065b3ff587a6c536942e6c0.cloudfront.net (CloudFront)", "x-amz-cf-pop"=>"VIE50-C2", "alt-svc"=>"h3=\":443\"; ma=86400", "x-amz-cf-id"=>"ZmjxMrSCJPT5HJA5DCrBSmaASq9x06_ZOIplpwBmYAcxa0OSIcZ0LA=="}, see debug logs for body
D, [2025-09-02T18:39:02.199234 #32732] DEBUG -- : body: Unauthorized. Please see https://docs.pactflow.io/docs/login-help for more information.

I, [2025-09-02T18:41:28.724070 #32903]  INFO -- : Running example 'Verifying a pact between WebConsumer and MoviesAPI An avro message has matching content'
I, [2025-09-02T18:41:28.724394 #32903]  INFO -- : Sending POST request to path: "/" with headers: {"CONTENT_TYPE"=>"application/json", "HTTP_X_PACT_ORIGINAL_HEADER_NAMES"=>"Content-Type"}, see debug logs for body
D, [2025-09-02T18:41:28.724436 #32903] DEBUG -- : body :{"description":"an Avro message","providerStates":[{"name":null,"params":{}}],"metadata":null}
I, [2025-09-02T18:41:29.643200 #32903]  INFO -- : Received response with status: 401, headers: {"content-type"=>"text/plain", "content-length"=>"88", "connection"=>"keep-alive", "date"=>"Tue, 02 Sep 2025 16:41:29 GMT", "x-request-id"=>"9da9058e7c51acd51a48e566406e1c84", "vary"=>"Accept,Origin,Accept-Encoding", "x-content-type-options"=>"nosniff", "strict-transport-security"=>"max-age=63072000; includeSubDomains; preload", "x-pact-broker-git-sha"=>"ce3577559fde1f8031d1ff506f92af8b600455db", "x-pactflow-git-sha"=>"3e5bacd", "x-pact-broker-version"=>"2.116.0", "x-cache"=>"Error from cloudfront", "via"=>"1.1 639dd5dd68d7e7193120d95480cd44ca.cloudfront.net (CloudFront)", "x-amz-cf-pop"=>"VIE50-C2", "alt-svc"=>"h3=\":443\"; ma=86400", "x-amz-cf-id"=>"NQo7BV8w8G7wWFaB2jpooyPsbjP7R7APGwD2Wkz2DXP6ZH4-u4BvlA=="}, see debug logs for body
D, [2025-09-02T18:41:29.643335 #32903] DEBUG -- : body: Unauthorized. Please see https://docs.pactflow.io/docs/login-help for more information.

I, [2025-09-02T18:48:25.968472 #34046]  INFO -- : Running example 'Verifying a pact between WebConsumer and MoviesAPI An avro message has matching content'
I, [2025-09-02T18:48:25.968871 #34046]  INFO -- : Sending POST request to path: "/" with headers: {"CONTENT_TYPE"=>"application/json", "HTTP_X_PACT_ORIGINAL_HEADER_NAMES"=>"Content-Type"}, see debug logs for body
D, [2025-09-02T18:48:25.968932 #34046] DEBUG -- : body :{"description":"an Avro message","providerStates":[{"name":null,"params":{}}],"metadata":null}
I, [2025-09-02T18:49:17.710493 #34167]  INFO -- : Running example 'Verifying a pact between WebConsumer and MoviesAPI An avro message has matching content'
I, [2025-09-02T18:49:17.710981 #34167]  INFO -- : Sending POST request to path: "/" with headers: {"CONTENT_TYPE"=>"application/json", "HTTP_X_PACT_ORIGINAL_HEADER_NAMES"=>"Content-Type"}, see debug logs for body
D, [2025-09-02T18:49:17.711031 #34167] DEBUG -- : body :{"description":"an Avro message","providerStates":[{"name":null,"params":{}}],"metadata":null}
I, [2025-09-02T18:54:37.009772 #34434]  INFO -- : Running example 'Verifying a pact between WebConsumer and MoviesAPI An avro message has matching content'
I, [2025-09-02T18:54:37.010339 #34434]  INFO -- : Sending POST request to path: "/" with headers: {"CONTENT_TYPE"=>"application/json", "HTTP_X_PACT_ORIGINAL_HEADER_NAMES"=>"Content-Type"}, see debug logs for body
D, [2025-09-02T18:54:37.010387 #34434] DEBUG -- : body :{"description":"an Avro message","providerStates":[{"name":null,"params":{}}],"metadata":null}
I, [2025-09-02T18:54:37.025381 #34434]  INFO -- : Received response with status: 404, headers: {"x-powered-by"=>"Express", "access-control-allow-origin"=>"http://localhost:8000", "vary"=>"Origin", "content-type"=>"application/json; charset=utf-8", "content-length"=>"112", "etag"=>"W/\"70-Fn244AYT+7kaw4YNTmuC2jTKFD0\"", "date"=>"Tue, 02 Sep 2025 16:54:37 GMT", "connection"=>"keep-alive", "keep-alive"=>"timeout=5"}, see debug logs for body
D, [2025-09-02T18:54:37.025563 #34434] DEBUG -- : body: {"message":"\"name\" is required","path":["name"],"type":"any.required","context":{"label":"name","key":"name"}}
I, [2025-09-02T18:57:28.295530 #34637]  INFO -- : Running example 'Verifying a pact between WebConsumer and MoviesAPI An avro message has matching content'
I, [2025-09-02T18:57:28.296221 #34637]  INFO -- : Sending POST request to path: "/" with headers: {"CONTENT_TYPE"=>"application/json", "HTTP_X_PACT_ORIGINAL_HEADER_NAMES"=>"Content-Type"}, see debug logs for body
D, [2025-09-02T18:57:28.296281 #34637] DEBUG -- : body :{"description":"an Avro message","providerStates":[{"name":null,"params":{}}],"metadata":null}
I, [2025-09-02T18:57:28.306586 #34637]  INFO -- : Received response with status: 404, headers: {"x-powered-by"=>"Express", "access-control-allow-origin"=>"http://localhost:8000", "vary"=>"Origin", "content-type"=>"application/json; charset=utf-8", "content-length"=>"112", "etag"=>"W/\"70-Fn244AYT+7kaw4YNTmuC2jTKFD0\"", "date"=>"Tue, 02 Sep 2025 16:57:28 GMT", "connection"=>"keep-alive", "keep-alive"=>"timeout=5"}, see debug logs for body
D, [2025-09-02T18:57:28.306744 #34637] DEBUG -- : body: {"message":"\"name\" is required","path":["name"],"type":"any.required","context":{"label":"name","key":"name"}}
I, [2025-09-02T18:59:41.448526 #34788]  INFO -- : Running example 'Verifying a pact between WebConsumer and MoviesAPI An avro message has matching content'
I, [2025-09-02T18:59:41.449120 #34788]  INFO -- : Sending POST request to path: "/" with headers: {"CONTENT_TYPE"=>"application/json", "HTTP_X_PACT_ORIGINAL_HEADER_NAMES"=>"Content-Type"}, see debug logs for body
D, [2025-09-02T18:59:41.449168 #34788] DEBUG -- : body :{"description":"an Avro message","providerStates":[{"name":null,"params":{}}],"metadata":null}
I, [2025-09-02T18:59:41.454989 #34788]  INFO -- : Received response with status: 404, headers: {"x-powered-by"=>"Express", "access-control-allow-origin"=>"http://localhost:8000", "vary"=>"Origin", "content-type"=>"application/json; charset=utf-8", "content-length"=>"112", "etag"=>"W/\"70-Fn244AYT+7kaw4YNTmuC2jTKFD0\"", "date"=>"Tue, 02 Sep 2025 16:59:41 GMT", "connection"=>"keep-alive", "keep-alive"=>"timeout=5"}, see debug logs for body
D, [2025-09-02T18:59:41.455044 #34788] DEBUG -- : body: {"message":"\"name\" is required","path":["name"],"type":"any.required","context":{"label":"name","key":"name"}}
I, [2025-09-02T19:01:46.678798 #35092]  INFO -- : Running example 'Verifying a pact between WebConsumer and MoviesAPI An avro message has matching content'
I, [2025-09-02T19:01:46.679197 #35092]  INFO -- : Sending POST request to path: "/" with headers: {"CONTENT_TYPE"=>"application/json", "HTTP_X_PACT_ORIGINAL_HEADER_NAMES"=>"Content-Type"}, see debug logs for body
D, [2025-09-02T19:01:46.679253 #35092] DEBUG -- : body :{"description":"an Avro message","providerStates":[{"name":null,"params":{}}],"metadata":null}
I, [2025-09-02T19:01:46.688553 #35092]  INFO -- : Received response with status: 404, headers: {"x-powered-by"=>"Express", "access-control-allow-origin"=>"http://localhost:8000", "vary"=>"Origin", "content-type"=>"application/json; charset=utf-8", "content-length"=>"112", "etag"=>"W/\"70-Fn244AYT+7kaw4YNTmuC2jTKFD0\"", "date"=>"Tue, 02 Sep 2025 17:01:46 GMT", "connection"=>"keep-alive", "keep-alive"=>"timeout=5"}, see debug logs for body
D, [2025-09-02T19:01:46.688849 #35092] DEBUG -- : body: {"message":"\"name\" is required","path":["name"],"type":"any.required","context":{"label":"name","key":"name"}}
I, [2025-09-02T19:02:30.188725 #35228]  INFO -- : Running example 'Verifying a pact between WebConsumer and MoviesAPI An avro message has matching content'
I, [2025-09-02T19:02:30.189093 #35228]  INFO -- : Sending POST request to path: "/" with headers: {"CONTENT_TYPE"=>"application/json", "HTTP_X_PACT_ORIGINAL_HEADER_NAMES"=>"Content-Type"}, see debug logs for body
D, [2025-09-02T19:02:30.189144 #35228] DEBUG -- : body :{"description":"an Avro message","providerStates":[{"name":null,"params":{}}],"metadata":null}
I, [2025-09-02T19:02:30.197199 #35228]  INFO -- : Received response with status: 404, headers: {"x-powered-by"=>"Express", "access-control-allow-origin"=>"http://localhost:8000", "vary"=>"Origin", "content-type"=>"application/json; charset=utf-8", "content-length"=>"112", "etag"=>"W/\"70-Fn244AYT+7kaw4YNTmuC2jTKFD0\"", "date"=>"Tue, 02 Sep 2025 17:02:30 GMT", "connection"=>"keep-alive", "keep-alive"=>"timeout=5"}, see debug logs for body
D, [2025-09-02T19:02:30.197407 #35228] DEBUG -- : body: {"message":"\"name\" is required","path":["name"],"type":"any.required","context":{"label":"name","key":"name"}}
I, [2025-09-02T19:06:00.278411 #35424]  INFO -- : Running example 'Verifying a pact between WebConsumer and MoviesAPI An array of movie objects has matching content'
I, [2025-09-02T19:06:00.278944 #35424]  INFO -- : Sending POST request to path: "/" with headers: {"CONTENT_TYPE"=>"application/json", "HTTP_X_PACT_ORIGINAL_HEADER_NAMES"=>"Content-Type"}, see debug logs for body
D, [2025-09-02T19:06:00.278999 #35424] DEBUG -- : body :{"description":"an array of movie objects","providerStates":[{"name":null,"params":{}}],"metadata":null}
I, [2025-09-02T19:06:00.284026 #35424]  INFO -- : Received response with status: 404, headers: {"x-powered-by"=>"Express", "access-control-allow-origin"=>"http://localhost:8000", "vary"=>"Origin", "content-type"=>"application/json; charset=utf-8", "content-length"=>"112", "etag"=>"W/\"70-Fn244AYT+7kaw4YNTmuC2jTKFD0\"", "date"=>"Tue, 02 Sep 2025 17:06:00 GMT", "connection"=>"keep-alive", "keep-alive"=>"timeout=5"}, see debug logs for body
D, [2025-09-02T19:06:00.284082 #35424] DEBUG -- : body: {"message":"\"name\" is required","path":["name"],"type":"any.required","context":{"label":"name","key":"name"}}
